<?xml version="1.0" encoding="UTF-8"?>
<!-- Generated by org.testng.reporters.JUnitReportReporter -->
<testsuite hostname="DESKTOP-74ULC4S" failures="0" tests="1" name="testRunner.Runner" time="2.888" errors="0" timestamp="8 Jan 2024 08:26:58 GMT">
  <testcase classname="testRunner.Runner" name="my_test" time="2.888"/>
</testsuite> <!-- testRunner.Runner -->
